<?xml version="1.0" encoding="UTF-8"?>
<!-- Generated by org.testng.reporters.JUnitXMLReporter -->
<testsuite hostname="admin-PC" name="L5_Import_Area(failed)" tests="1" failures="1" timestamp="6 May 2014 11:12:52 GMT" time="14.907" errors="0">
  <testcase name="L5_Import_Area" time="14.741" classname="scenarios.L5_Import_Area">
    <failure type="java.lang.AssertionError" message="Validate item displayed on opened page is same as selected. expected [true] but found [false]">
      <![CDATA[java.lang.AssertionError: Validate item displayed on opened page is same as selected. expected [true] but found [false]
	at framework.GeneralMethods.itemavailabilitytext2(GeneralMethods.java:608)
	at framework.GeneralMethods.ItemAvailabilityText(GeneralMethods.java:431)
	at framework.GeneralMethods.action(GeneralMethods.java:115)
	at framework.Standard.StandardM1(Standard.java:21)
	at scenarios.L5_Import_Area.L5_Import_Area(L5_Import_Area.java:49)
... Removed 27 stack frames]]>
    </failure>
  </testcase> <!-- L5_Import_Area -->
</testsuite> <!-- L5_Import_Area(failed) -->
