<?xml version="1.0" encoding="UTF-8"?>
<!-- Generated by org.testng.reporters.JUnitXMLReporter -->
<testsuite hostname="admin-PC" name="L5_Import_Client(failed)" tests="1" failures="1" timestamp="6 May 2014 11:12:37 GMT" time="13.991" errors="0">
  <testcase name="L5_Import_Client" time="13.848" classname="scenarios.L5_Import_Client">
    <failure type="java.lang.AssertionError" message="Validate Success Message. expected [true] but found [false]">
      <![CDATA[java.lang.AssertionError: Validate Success Message. expected [true] but found [false]
	at framework.GeneralMethods.Textvalidation1(GeneralMethods.java:297)
	at framework.GeneralMethods.action(GeneralMethods.java:66)
	at framework.Standard.StandardM1(Standard.java:21)
	at scenarios.L5_Import_Client.L5_Import_Client(L5_Import_Client.java:47)
... Removed 27 stack frames]]>
    </failure>
  </testcase> <!-- L5_Import_Client -->
</testsuite> <!-- L5_Import_Client(failed) -->
