<?xml version="1.0" encoding="UTF-8"?>
<!-- Generated by org.testng.reporters.JUnitXMLReporter -->
<testsuite hostname="admin-PC" name="L5_Webinar(failed)" tests="3" failures="1" timestamp="6 May 2014 11:12:23 GMT" time="27.652" errors="0">
  <testcase name="L5_Login" time="8.752" classname="scenarios.L5_Webinar"/>
  <testcase name="L5_WebinarCreation" time="5.605" classname="scenarios.L5_Webinar"/>
  <testcase name="L5_WebinarList" time="13.06" classname="scenarios.L5_Webinar">
    <failure type="java.lang.AssertionError" message="Preview BT : item Not Found expected [true] but found [false]">
      <![CDATA[java.lang.AssertionError: Preview BT : item Not Found expected [true] but found [false]
	at framework.GeneralMethods.button(GeneralMethods.java:330)
	at framework.GeneralMethods.action(GeneralMethods.java:51)
	at framework.Standard.StandardM1(Standard.java:21)
	at scenarios.L5_Webinar.L5_WebinarList(L5_Webinar.java:65)
... Removed 27 stack frames]]>
    </failure>
  </testcase> <!-- L5_WebinarList -->
</testsuite> <!-- L5_Webinar(failed) -->
