<?xml version="1.0" encoding="UTF-8"?>
<!-- Generated by org.testng.reporters.JUnitXMLReporter -->
<testsuite hostname="admin-PC" name="Client_List" tests="2" failures="1" timestamp="2 May 2014 13:43:24 GMT" time="11.083" errors="0">
  <testcase name="@AfterTest generateReport" time="0.0" classname="scenarios.Client_List">
    <failure type="org.testng.TestNGException" message="
Method generateReport requires 1 parameters but 0 were supplied in the @Configuration annotation.">
      <![CDATA[org.testng.TestNGException: 
Method generateReport requires 1 parameters but 0 were supplied in the @Configuration annotation.
... Removed 20 stack frames]]>
    </failure>
  </testcase> <!-- @AfterTest generateReport -->
  <testcase name="L5_Login1" time="6.377" classname="scenarios.Client_List"/>
  <testcase name="L5_Client_list" time="4.525" classname="scenarios.Client_List">
    <failure type="java.lang.AssertionError" message="Validate the text displayed on Alert expected [Client deactivated successfully.] but found [Client activated successfully.]">
      <![CDATA[java.lang.AssertionError: Validate the text displayed on Alert expected [Client deactivated successfully.] but found [Client activated successfully.]
	at framework.GeneralMethods.action(GeneralMethods.java:70)
	at framework.Standard.StandardM1(Standard.java:21)
	at scenarios.Client_List.L5_Client_list(Client_List.java:63)
... Removed 28 stack frames]]>
    </failure>
  </testcase> <!-- L5_Client_list -->
</testsuite> <!-- Client_List -->
