<?xml version="1.0" encoding="UTF-8"?>
<!-- Generated by org.testng.reporters.JUnitXMLReporter -->
<testsuite hostname="admin-PC" name="Import_Client" tests="1" failures="1" timestamp="2 May 2014 13:42:40 GMT" time="13.697" errors="0">
  <testcase name="L5_Import_Client" time="13.485" classname="scenarios.Import_Client">
    <failure type="java.lang.AssertionError" message="Validate Success Message. expected [true] but found [false]">
      <![CDATA[java.lang.AssertionError: Validate Success Message. expected [true] but found [false]
	at framework.GeneralMethods.Textvalidation1(GeneralMethods.java:297)
	at framework.GeneralMethods.action(GeneralMethods.java:66)
	at framework.Standard.StandardM1(Standard.java:21)
	at scenarios.Import_Client.L5_Import_Client(Import_Client.java:47)
... Removed 27 stack frames]]>
    </failure>
  </testcase> <!-- L5_Import_Client -->
</testsuite> <!-- Import_Client -->
