<?xml version="1.0" encoding="UTF-8"?>
<!-- Generated by org.testng.reporters.JUnitXMLReporter -->
<testsuite hostname="admin-PC" name="L1" tests="3" failures="0" timestamp="7 May 2014 09:58:24 GMT" time="16.032" errors="0">
  <testcase name="L1_Login" time="10.374" classname="scenarios.L1_Support_Forms"/>
  <testcase name="L1_Compliance_Support" time="0.155" classname="scenarios.L1_Support_Forms">
    <skipped/>
  </testcase> <!-- L1_Compliance_Support -->
  <testcase name="L1_Technical_Support" time="5.484" classname="scenarios.L1_Support_Forms"/>
</testsuite> <!-- L1 -->
