<?xml version="1.0" encoding="UTF-8"?>
<!-- Generated by org.testng.reporters.JUnitXMLReporter -->
<testsuite hostname="admin-PC" name="L5_Client_List" tests="2" failures="0" timestamp="15 May 2014 13:46:14 GMT" time="0.085" errors="0">
  <testcase name="L5_Login1" time="0.082" classname="scenarios.L5_Client_List">
    <skipped/>
  </testcase> <!-- L5_Login1 -->
  <testcase name="L5_Client_list" time="0.0" classname="scenarios.L5_Client_List">
    <skipped/>
  </testcase> <!-- L5_Client_list -->
</testsuite> <!-- L5_Client_List -->
