<?xml version="1.0" encoding="UTF-8"?>
<!-- Generated by org.testng.reporters.JUnitXMLReporter -->
<testsuite hostname="admin-PC" name="L5_Webinar" tests="3" failures="0" timestamp="15 May 2014 13:45:55 GMT" time="17.209" errors="0">
  <testcase name="L5_Login" time="16.9" classname="scenarios.L5_Webinar"/>
  <testcase name="L5_WebinarCreation" time="0.173" classname="scenarios.L5_Webinar">
    <skipped/>
  </testcase> <!-- L5_WebinarCreation -->
  <testcase name="L5_WebinarList" time="0.115" classname="scenarios.L5_Webinar">
    <skipped/>
  </testcase> <!-- L5_WebinarList -->
</testsuite> <!-- L5_Webinar -->
