<?xml version="1.0" encoding="UTF-8"?>
<!-- Generated by org.testng.reporters.JUnitXMLReporter -->
<testsuite hostname="admin-PC" name="LM_Update_Dates" tests="3" failures="1" timestamp="16 Jun 2014 07:24:05 GMT" time="0.063" errors="0">
  <testcase name="testMethodOne" time="0.028" classname="scenarios.TestNGreportlearning"/>
  <testcase name="testMethodTwo" time="0.001" classname="scenarios.TestNGreportlearning">
    <failure type="java.lang.AssertionError" message="expected [true] but found [false]">
      <![CDATA[java.lang.AssertionError: expected [true] but found [false]
	at scenarios.TestNGreportlearning.testMethodTwo(TestNGreportlearning.java:36)
... Removed 28 stack frames]]>
    </failure>
  </testcase> <!-- testMethodTwo -->
  <testcase name="testMethodThree" time="0.0" classname="scenarios.TestNGreportlearning">
    <skipped/>
  </testcase> <!-- testMethodThree -->
</testsuite> <!-- LM_Update_Dates -->
