<?xml version="1.0" encoding="UTF-8"?>
<!-- Generated by org.testng.reporters.JUnitXMLReporter -->
<testsuite hostname="admin-PC" name="PositiveFlows" tests="3" failures="1" timestamp="15 Apr 2014 05:10:50 GMT" time="0.952" errors="0">
  <testcase name="@AfterMethod catchscreenshot" time="0.0" classname="scenarios.CreateClient">
    <failure type="java.lang.NullPointerException">
      <![CDATA[java.lang.NullPointerException
	at scenarios.CreateClient.catchscreenshot(CreateClient.java:30)
... Removed 26 stack frames]]>
    </failure>
  </testcase> <!-- @AfterMethod catchscreenshot -->
  <testcase name="@AfterMethod catchscreenshot" time="0.0" classname="scenarios.CreateClient">
    <skipped/>
  </testcase> <!-- @AfterMethod catchscreenshot -->
  <testcase name="Create_client_Validations" time="0.932" classname="scenarios.CreateClient">
    <failure type="java.lang.NullPointerException">
      <![CDATA[java.lang.NullPointerException
	at framework.Standard.StandardM(Standard.java:9)
	at scenarios.CreateClient.Create_client_Validations(CreateClient.java:40)
... Removed 24 stack frames]]>
    </failure>
  </testcase> <!-- Create_client_Validations -->
  <testcase name="Create_client" time="0.0" classname="scenarios.CreateClient">
    <skipped/>
  </testcase> <!-- Create_client -->
  <testcase name="ResetPassword" time="0.001" classname="scenarios.CreateClient">
    <skipped/>
  </testcase> <!-- ResetPassword -->
</testsuite> <!-- PositiveFlows -->
