<?xml version="1.0" encoding="UTF-8"?>
<!-- Generated by org.testng.reporters.JUnitXMLReporter -->
<testsuite hostname="admin-PC" name="Search" tests="2" failures="1" timestamp="23 May 2014 07:20:25 GMT" time="22.131" errors="0">
  <testcase name="L5_Login" time="11.118" classname="scenarios.Search"/>
  <testcase name="Search" time="10.462" classname="scenarios.Search">
    <failure type="java.lang.AssertionError" message="SearchL : item Not Found expected [true] but found [false]">
      <![CDATA[java.lang.AssertionError: SearchL : item Not Found expected [true] but found [false]
	at framework.GeneralMethods.link(GeneralMethods.java:287)
	at framework.GeneralMethods.action(GeneralMethods.java:79)
	at framework.Standard.StandardM1(Standard.java:19)
	at scenarios.Search.Search(Search.java:48)
... Removed 27 stack frames]]>
    </failure>
  </testcase> <!-- Search -->
</testsuite> <!-- Search -->
