<?xml version="1.0" encoding="UTF-8"?>
<!-- Generated by org.testng.reporters.JUnitXMLReporter -->
<testsuite hostname="admin-PC" name="Webinar" tests="3" failures="0" timestamp="2 May 2014 13:42:03 GMT" time="17.117" errors="0">
  <testcase name="L5_Login" time="8.706" classname="scenarios.L5_Webinar"/>
  <testcase name="L5_WebinarCreation" time="4.971" classname="scenarios.L5_Webinar"/>
  <testcase name="L5_WebinarList" time="3.426" classname="scenarios.L5_Webinar"/>
</testsuite> <!-- Webinar -->
